
Go is added to jobs.
Java is added to jobs.
CSS is added to jobs.
HTML is added to jobs.
Rust is added to jobs.
Python is added to jobs.
Vue is added to jobs.
JavaScript is added to jobs.
TypeScript is added to jobs.
Objective-C is added to jobs.
Python is responsed to backs.
Java is responsed to backs.
CSS is responsed to backs.
Rust is responsed to backs.
Go is responsed to backs.
HTML is responsed to backs.
JavaScript is responsed to backs.
TypeScript is responsed to backs.
Vue is responsed to backs.
Objective-C is responsed to backs.
README.md is updated.
